[debug] ----------------------------------------------------------------------
[debug] Command:      C:\Program Files\nodejs\node.exe C:\Users\CASTI\AppData\Roaming\npm\node_modules\firebase-tools\bin\firebase serve
[debug] CLI Version:  3.7.0
[debug] Platform:     win32
[debug] Node Version: v7.10.0
[debug] Time:         Sun May 07 2017 03:43:32 GMT-0500 (Hora de verano central (México))
[debug] ----------------------------------------------------------------------
[debug] 
[debug] > command requires scopes: ["email","openid","https://www.googleapis.com/auth/cloudplatformprojects.readonly","https://www.googleapis.com/auth/firebase","https://www.googleapis.com/auth/cloud-platform"]
[debug] > refreshing access token with scopes: ["email","https://www.googleapis.com/auth/cloud-platform","https://www.googleapis.com/auth/cloudplatformprojects.readonly","https://www.googleapis.com/auth/firebase","openid"]
[debug] >>> HTTP REQUEST POST https://www.googleapis.com/oauth2/v3/token { refresh_token: '1/XVx9uklY8b6_pW5JvKSFbW4DK2a68TkMwA52-7sz0jU',
  client_id: '563584335869-fgrhgmd47bqnekij5i8b5pr03ho849e6.apps.googleusercontent.com',
  client_secret: 'j9iVZfS8kkCEFUPaAeJV0sAi',
  grant_type: 'refresh_token',
  scope: 'email https://www.googleapis.com/auth/cloud-platform https://www.googleapis.com/auth/cloudplatformprojects.readonly https://www.googleapis.com/auth/firebase openid' } 
 Sun May 07 2017 03:43:32 GMT-0500 (Hora de verano central (México))
[debug] <<< HTTP RESPONSE 200
[debug] >>> HTTP REQUEST GET https://admin.firebase.com/v1/projects/firelogin-fb871  
 Sun May 07 2017 03:43:35 GMT-0500 (Hora de verano central (México))
[debug] <<< HTTP RESPONSE 200
[debug] >>> HTTP REQUEST GET https://admin.firebase.com/v1/database/firelogin-fb871/tokens  
 Sun May 07 2017 03:43:36 GMT-0500 (Hora de verano central (México))
[debug] <<< HTTP RESPONSE 200
[info] Starting Firebase development server...
[info] 
[info] Project Directory: C:\Users\CASTI\Desktop\UNAM\PROTECO\Curso Web\Proyecto Final\Proyecto
[debug] >>> HTTP REQUEST GET https://cloudresourcemanager.googleapis.com/v1/projects/firelogin-fb871  
 Sun May 07 2017 03:43:37 GMT-0500 (Hora de verano central (México))
[debug] <<< HTTP RESPONSE 200
[debug] >>> HTTP REQUEST GET https://mobilesdk-pa.googleapis.com/v1/projects/638252731962/clients/_:getWebAppConfig  
 Sun May 07 2017 03:43:38 GMT-0500 (Hora de verano central (México))
[debug] <<< HTTP RESPONSE 200
[info] Public Directory: public
[info] 
[info] Server listening at: http://localhost:5000
